#
# There is insufficient memory for the Java Runtime Environment to continue.
# Native memory allocation (malloc) failed to allocate 32744 bytes for ChunkPool::allocate
# Possible reasons:
#   The system is out of physical RAM or swap space
#   In 32 bit mode, the process size limit was hit
# Possible solutions:
#   Reduce memory load on the system
#   Increase physical memory or swap space
#   Check if swap backing store is full
#   Use 64 bit Java on a 64 bit OS
#   Decrease Java heap size (-Xmx/-Xms)
#   Decrease number of Java threads
#   Decrease Java thread stack sizes (-Xss)
#   Set larger code cache with -XX:ReservedCodeCacheSize=
# This output file may be truncated or incomplete.
#
#  Out of Memory Error (allocation.cpp:273), pid=8688, tid=0x0000000000002d80
#
# JRE version: Java(TM) SE Runtime Environment (8.0_151-b12) (build 1.8.0_151-b12)
# Java VM: Java HotSpot(TM) 64-Bit Server VM (25.151-b12 mixed mode windows-amd64 compressed oops)
# Failed to write core dump. Minidumps are not enabled by default on client versions of Windows
#

---------------  T H R E A D  ---------------

Current thread (0x0000000017016000):  JavaThread "C2 CompilerThread0" daemon [_thread_in_native, id=11648, stack(0x0000000017df0000,0x0000000017ef0000)]

Stack: [0x0000000017df0000,0x0000000017ef0000]
[error occurred during error reporting (printing stack bounds), id 0xc0000005]

Native frames: (J=compiled Java code, j=interpreted, Vv=VM code, C=native code)


Current CompileTask:
C2:  35479 3551       4       java.net.URLClassLoader$1::run (5 bytes)


---------------  P R O C E S S  ---------------

Java Threads: ( => current thread )
  0x00000000196c8800 JavaThread "restartedMain" [_thread_in_Java, id=14344, stack(0x0000000018870000,0x0000000018970000)]
  0x00000000198bd800 JavaThread "Thread-0" [_thread_blocked, id=14340, stack(0x0000000018250000,0x0000000018350000)]
  0x00000000184b0800 JavaThread "Service Thread" daemon [_thread_blocked, id=14632, stack(0x00000000189d0000,0x0000000018ad0000)]
  0x000000001701d800 JavaThread "C1 CompilerThread1" daemon [_thread_blocked, id=7236, stack(0x0000000018360000,0x0000000018460000)]
=>0x0000000017016000 JavaThread "C2 CompilerThread0" daemon [_thread_in_native, id=11648, stack(0x0000000017df0000,0x0000000017ef0000)]
  0x0000000017010800 JavaThread "Attach Listener" daemon [_thread_blocked, id=4452, stack(0x0000000018120000,0x0000000018220000)]
  0x000000001700f000 JavaThread "Signal Dispatcher" daemon [_thread_blocked, id=14388, stack(0x0000000017f20000,0x0000000018020000)]
  0x0000000016feb000 JavaThread "Finalizer" daemon [_thread_blocked, id=15296, stack(0x0000000017cf0000,0x0000000017df0000)]
  0x0000000016fa1800 JavaThread "Reference Handler" daemon [_thread_blocked, id=9032, stack(0x0000000017a80000,0x0000000017b80000)]
  0x000000000226d000 JavaThread "main" [_thread_blocked, id=13180, stack(0x0000000002430000,0x0000000002530000)]

Other Threads:
  0x0000000016f99800 VMThread [stack: 0x0000000017980000,0x0000000017a80000] [id=9468]
  0x0000000018467800 WatcherThread [stack: 0x0000000018b20000,0x0000000018c20000] [id=2284]

VM state:not at safepoint (normal execution)

VM Mutex/Monitor currently owned by a thread: None

Heap:
 PSYoungGen      total 75776K, used 40671K [0x00000000d5580000, 0x00000000db000000, 0x0000000100000000)
  eden space 64512K, 49% used [0x00000000d5580000,0x00000000d74c2cb8,0x00000000d9480000)
  from space 11264K, 76% used [0x00000000d9480000,0x00000000d9cf5130,0x00000000d9f80000)
  to   space 12288K, 0% used [0x00000000da400000,0x00000000da400000,0x00000000db000000)
 ParOldGen       total 55296K, used 7767K [0x0000000080000000, 0x0000000083600000, 0x00000000d5580000)
  object space 55296K, 14% used [0x0000000080000000,0x0000000080795d48,0x0000000083600000)
 Metaspace       used 38409K, capacity 39822K, committed 39936K, reserved 1085440K
  class space    used 4989K, capacity 5266K, committed 5376K, reserved 1048576K

Card table byte_map: [0x00000000118f0000,0x0000000011d00000] byte_map_base: 0x00000000114f0000

Marking Bits: (ParMarkBitMap*) 0x000000007116d850
 Begin Bits: [0x0000000012260000, 0x0000000014260000)
 End Bits:   [0x0000000014260000, 0x0000000016260000)

Polling page: 0x0000000001c40000

CodeCache: size=245760Kb used=12588Kb max_used=12588Kb free=233171Kb
 bounds [0x0000000002530000, 0x0000000003190000, 0x0000000011530000]
 total_blobs=3778 nmethods=3321 adapters=370
 compilation: enabled

Compilation events (10 events):
Event: 35.267 Thread 0x000000001701d800 3586       3       sun.misc.URLClassPath::access$000 (6 bytes)
Event: 35.268 Thread 0x000000001701d800 nmethod 3586 0x000000000317fc90 code [0x000000000317fe00, 0x000000000317ff68]
Event: 35.375 Thread 0x000000001701d800 3587       1       org.springframework.beans.PropertyValue::getName (5 bytes)
Event: 35.375 Thread 0x000000001701d800 nmethod 3587 0x0000000003180050 code [0x00000000031801a0, 0x00000000031802b0]
Event: 35.380 Thread 0x000000001701d800 3588       1       java.util.Formatter::access$000 (5 bytes)
Event: 35.380 Thread 0x000000001701d800 nmethod 3588 0x0000000003180310 code [0x0000000003180460, 0x0000000003180550]
Event: 35.382 Thread 0x000000001701d800 3589       3       org.springframework.core.annotation.AnnotationUtils::getAttributeAliasMap (109 bytes)
Event: 35.384 Thread 0x000000001701d800 nmethod 3589 0x00000000031805d0 code [0x00000000031808c0, 0x0000000003181e88]
Event: 35.404 Thread 0x000000001701d800 3590       3       org.springframework.beans.factory.support.RootBeanDefinition::<init> (88 bytes)
Event: 35.404 Thread 0x000000001701d800 nmethod 3590 0x0000000003182950 code [0x0000000003182ac0, 0x0000000003182e68]

GC Heap History (10 events):
Event: 25.334 GC heap before
{Heap before GC invocations=15 (full 4):
 PSYoungGen      total 71680K, used 0K [0x00000000d5580000, 0x00000000da080000, 0x0000000100000000)
  eden space 66560K, 0% used [0x00000000d5580000,0x00000000d5580000,0x00000000d9680000)
  from space 5120K, 0% used [0x00000000d9680000,0x00000000d9680000,0x00000000d9b80000)
  to   space 5120K, 0% used [0x00000000d9b80000,0x00000000d9b80000,0x00000000da080000)
 ParOldGen       total 55296K, used 9262K [0x0000000080000000, 0x0000000083600000, 0x00000000d5580000)
  object space 55296K, 16% used [0x0000000080000000,0x000000008090bae8,0x0000000083600000)
 Metaspace       used 32550K, capacity 33476K, committed 33536K, reserved 1085440K
  class space    used 4072K, capacity 4310K, committed 4352K, reserved 1048576K
Event: 25.534 GC heap after
Heap after GC invocations=15 (full 4):
 PSYoungGen      total 71680K, used 0K [0x00000000d5580000, 0x00000000da080000, 0x0000000100000000)
  eden space 66560K, 0% used [0x00000000d5580000,0x00000000d5580000,0x00000000d9680000)
  from space 5120K, 0% used [0x00000000d9680000,0x00000000d9680000,0x00000000d9b80000)
  to   space 5120K, 0% used [0x00000000d9b80000,0x00000000d9b80000,0x00000000da080000)
 ParOldGen       total 55296K, used 7759K [0x0000000080000000, 0x0000000083600000, 0x00000000d5580000)
  object space 55296K, 14% used [0x0000000080000000,0x0000000080793d48,0x0000000083600000)
 Metaspace       used 32507K, capacity 33408K, committed 33536K, reserved 1081344K
  class space    used 4063K, capacity 4294K, committed 4352K, reserved 1048576K
}
Event: 27.392 GC heap before
{Heap before GC invocations=16 (full 4):
 PSYoungGen      total 71680K, used 66560K [0x00000000d5580000, 0x00000000da080000, 0x0000000100000000)
  eden space 66560K, 100% used [0x00000000d5580000,0x00000000d9680000,0x00000000d9680000)
  from space 5120K, 0% used [0x00000000d9680000,0x00000000d9680000,0x00000000d9b80000)
  to   space 5120K, 0% used [0x00000000d9b80000,0x00000000d9b80000,0x00000000da080000)
 ParOldGen       total 55296K, used 7759K [0x0000000080000000, 0x0000000083600000, 0x00000000d5580000)
  object space 55296K, 14% used [0x0000000080000000,0x0000000080793d48,0x0000000083600000)
 Metaspace       used 33884K, capacity 34874K, committed 34944K, reserved 1081344K
  class space    used 4238K, capacity 4456K, committed 4480K, reserved 1048576K
Event: 27.403 GC heap after
Heap after GC invocations=16 (full 4):
 PSYoungGen      total 65536K, used 4192K [0x00000000d5580000, 0x00000000db280000, 0x0000000100000000)
  eden space 60416K, 0% used [0x00000000d5580000,0x00000000d5580000,0x00000000d9080000)
  from space 5120K, 81% used [0x00000000d9b80000,0x00000000d9f98068,0x00000000da080000)
  to   space 11264K, 0% used [0x00000000d9080000,0x00000000d9080000,0x00000000d9b80000)
 ParOldGen       total 55296K, used 7759K [0x0000000080000000, 0x0000000083600000, 0x00000000d5580000)
  object space 55296K, 14% used [0x0000000080000000,0x0000000080793d48,0x0000000083600000)
 Metaspace       used 33884K, capacity 34874K, committed 34944K, reserved 1081344K
  class space    used 4238K, capacity 4456K, committed 4480K, reserved 1048576K
}
Event: 28.928 GC heap before
{Heap before GC invocations=17 (full 4):
 PSYoungGen      total 65536K, used 64608K [0x00000000d5580000, 0x00000000db280000, 0x0000000100000000)
  eden space 60416K, 100% used [0x00000000d5580000,0x00000000d9080000,0x00000000d9080000)
  from space 5120K, 81% used [0x00000000d9b80000,0x00000000d9f98068,0x00000000da080000)
  to   space 11264K, 0% used [0x00000000d9080000,0x00000000d9080000,0x00000000d9b80000)
 ParOldGen       total 55296K, used 7759K [0x0000000080000000, 0x0000000083600000, 0x00000000d5580000)
  object space 55296K, 14% used [0x0000000080000000,0x0000000080793d48,0x0000000083600000)
 Metaspace       used 34372K, capacity 35396K, committed 35584K, reserved 1081344K
  class space    used 4304K, capacity 4535K, committed 4608K, reserved 1048576K
Event: 28.943 GC heap after
Heap after GC invocations=17 (full 4):
 PSYoungGen      total 71680K, used 5529K [0x00000000d5580000, 0x00000000daa00000, 0x0000000100000000)
  eden space 60416K, 0% used [0x00000000d5580000,0x00000000d5580000,0x00000000d9080000)
  from space 11264K, 49% used [0x00000000d9080000,0x00000000d95e64e0,0x00000000d9b80000)
  to   space 10752K, 0% used [0x00000000d9f80000,0x00000000d9f80000,0x00000000daa00000)
 ParOldGen       total 55296K, used 7767K [0x0000000080000000, 0x0000000083600000, 0x00000000d5580000)
  object space 55296K, 14% used [0x0000000080000000,0x0000000080795d48,0x0000000083600000)
 Metaspace       used 34372K, capacity 35396K, committed 35584K, reserved 1081344K
  class space    used 4304K, capacity 4535K, committed 4608K, reserved 1048576K
}
Event: 30.838 GC heap before
{Heap before GC invocations=18 (full 4):
 PSYoungGen      total 71680K, used 65945K [0x00000000d5580000, 0x00000000daa00000, 0x0000000100000000)
  eden space 60416K, 100% used [0x00000000d5580000,0x00000000d9080000,0x00000000d9080000)
  from space 11264K, 49% used [0x00000000d9080000,0x00000000d95e64e0,0x00000000d9b80000)
  to   space 10752K, 0% used [0x00000000d9f80000,0x00000000d9f80000,0x00000000daa00000)
 ParOldGen       total 55296K, used 7767K [0x0000000080000000, 0x0000000083600000, 0x00000000d5580000)
  object space 55296K, 14% used [0x0000000080000000,0x0000000080795d48,0x0000000083600000)
 Metaspace       used 35762K, capacity 36898K, committed 37120K, reserved 1083392K
  class space    used 4500K, capacity 4740K, committed 4864K, reserved 1048576K
Event: 30.883 GC heap after
Heap after GC invocations=18 (full 4):
 PSYoungGen      total 75264K, used 8045K [0x00000000d5580000, 0x00000000daa80000, 0x0000000100000000)
  eden space 64512K, 0% used [0x00000000d5580000,0x00000000d5580000,0x00000000d9480000)
  from space 10752K, 74% used [0x00000000d9f80000,0x00000000da75b408,0x00000000daa00000)
  to   space 11264K, 0% used [0x00000000d9480000,0x00000000d9480000,0x00000000d9f80000)
 ParOldGen       total 55296K, used 7767K [0x0000000080000000, 0x0000000083600000, 0x00000000d5580000)
  object space 55296K, 14% used [0x0000000080000000,0x0000000080795d48,0x0000000083600000)
 Metaspace       used 35762K, capacity 36898K, committed 37120K, reserved 1083392K
  class space    used 4500K, capacity 4740K, committed 4864K, reserved 1048576K
}
Event: 32.406 GC heap before
{Heap before GC invocations=19 (full 4):
 PSYoungGen      total 75264K, used 72557K [0x00000000d5580000, 0x00000000daa80000, 0x0000000100000000)
  eden space 64512K, 100% used [0x00000000d5580000,0x00000000d9480000,0x00000000d9480000)
  from space 10752K, 74% used [0x00000000d9f80000,0x00000000da75b408,0x00000000daa00000)
  to   space 11264K, 0% used [0x00000000d9480000,0x00000000d9480000,0x00000000d9f80000)
 ParOldGen       total 55296K, used 7767K [0x0000000080000000, 0x0000000083600000, 0x00000000d5580000)
  object space 55296K, 14% used [0x0000000080000000,0x0000000080795d48,0x0000000083600000)
 Metaspace       used 37050K, capacity 38206K, committed 38272K, reserved 1083392K
  class space    used 4716K, capacity 4950K, committed 4992K, reserved 1048576K
Event: 32.425 GC heap after
Heap after GC invocations=19 (full 4):
 PSYoungGen      total 75776K, used 8660K [0x00000000d5580000, 0x00000000db000000, 0x0000000100000000)
  eden space 64512K, 0% used [0x00000000d5580000,0x00000000d5580000,0x00000000d9480000)
  from space 11264K, 76% used [0x00000000d9480000,0x00000000d9cf5130,0x00000000d9f80000)
  to   space 12288K, 0% used [0x00000000da400000,0x00000000da400000,0x00000000db000000)
 ParOldGen       total 55296K, used 7767K [0x0000000080000000, 0x0000000083600000, 0x00000000d5580000)
  object space 55296K, 14% used [0x0000000080000000,0x0000000080795d48,0x0000000083600000)
 Metaspace       used 37050K, capacity 38206K, committed 38272K, reserved 1083392K
  class space    used 4716K, capacity 4950K, committed 4992K, reserved 1048576K
}

Deoptimization events (10 events):
Event: 28.287 Thread 0x00000000196c8800 Uncommon trap: reason=unstable_if action=reinterpret pc=0x0000000002f96e28 method=org.springframework.boot.context.properties.source.ConfigurationPropertyName$ElementsParser.isAlphaNumeric(C)Z @ 11
Event: 30.017 Thread 0x00000000196c8800 Uncommon trap: reason=predicate action=maybe_recompile pc=0x0000000003065ebc method=java.util.AbstractCollection.toArray([Ljava/lang/Object;)[Ljava/lang/Object; @ 49
Event: 30.180 Thread 0x00000000196c8800 Uncommon trap: reason=array_check action=maybe_recompile pc=0x0000000003095170 method=java.util.AbstractCollection.toArray([Ljava/lang/Object;)[Ljava/lang/Object; @ 119
Event: 30.187 Thread 0x00000000196c8800 Uncommon trap: reason=array_check action=maybe_recompile pc=0x0000000003095170 method=java.util.AbstractCollection.toArray([Ljava/lang/Object;)[Ljava/lang/Object; @ 119
Event: 30.192 Thread 0x00000000196c8800 Uncommon trap: reason=array_check action=maybe_recompile pc=0x0000000003095170 method=java.util.AbstractCollection.toArray([Ljava/lang/Object;)[Ljava/lang/Object; @ 119
Event: 30.210 Thread 0x00000000196c8800 Uncommon trap: reason=array_check action=maybe_recompile pc=0x0000000003095170 method=java.util.AbstractCollection.toArray([Ljava/lang/Object;)[Ljava/lang/Object; @ 119
Event: 32.257 Thread 0x00000000196c8800 Uncommon trap: reason=unstable_if action=reinterpret pc=0x0000000002fefae0 method=sun.reflect.annotation.AnnotationType.invocationHandlerReturnType(Ljava/lang/Class;)Ljava/lang/Class; @ 14
Event: 32.734 Thread 0x00000000196c8800 Uncommon trap: reason=class_check action=maybe_recompile pc=0x00000000027eb4f4 method=org.springframework.util.ConcurrentReferenceHashMap$Segment.findInChain(Lorg/springframework/util/ConcurrentReferenceHashMap$Reference;Ljava/lang/Object;I)Lorg/springfra
Event: 35.189 Thread 0x00000000196c8800 Uncommon trap: reason=class_check action=maybe_recompile pc=0x00000000027eb4f4 method=org.springframework.util.ConcurrentReferenceHashMap$Segment.findInChain(Lorg/springframework/util/ConcurrentReferenceHashMap$Reference;Ljava/lang/Object;I)Lorg/springfra
Event: 35.225 Thread 0x00000000196c8800 Uncommon trap: reason=class_check action=maybe_recompile pc=0x00000000027eb4f4 method=org.springframework.util.ConcurrentReferenceHashMap$Segment.findInChain(Lorg/springframework/util/ConcurrentReferenceHashMap$Reference;Ljava/lang/Object;I)Lorg/springfra

Internal exceptions (10 events):
Event: 16.699 Thread 0x00000000196c8800 Exception <a 'java/lang/ClassNotFoundException': org/springframework/beans/factory/AwareCustomizer> (0x00000000d82344c0) thrown at [C:\re\workspace\8-2-build-windows-amd64-cygwin\jdk8u151\9699\hotspot\src\share\vm\classfile\systemDictionary.cpp, line 210]
Event: 19.972 Thread 0x00000000196c8800 Exception <a 'java/lang/ClassNotFoundException': java/lang/ObjectCustomizer> (0x00000000d7476bc8) thrown at [C:\re\workspace\8-2-build-windows-amd64-cygwin\jdk8u151\9699\hotspot\src\share\vm\classfile\systemDictionary.cpp, line 210]
Event: 19.973 Thread 0x00000000196c8800 Exception <a 'java/lang/ClassNotFoundException': org/springframework/cloud/config/client/ConfigClientPropertiesCustomizer> (0x00000000d74b91e0) thrown at [C:\re\workspace\8-2-build-windows-amd64-cygwin\jdk8u151\9699\hotspot\src\share\vm\classfile\systemDi
Event: 22.416 Thread 0x00000000196c8800 Implicit null exception at 0x0000000002791156 to 0x00000000027914dd
Event: 22.417 Thread 0x00000000196c8800 Implicit null exception at 0x000000000275f3d6 to 0x000000000275f755
Event: 22.857 Thread 0x00000000196c8800 Exception <a 'java/lang/NoSuchMethodError': java.lang.Object.lambda$comparing$77a9974f$1(Ljava/util/function/Function;Ljava/lang/Object;Ljava/lang/Object;)I> (0x00000000d8a1aa58) thrown at [C:\re\workspace\8-2-build-windows-amd64-cygwin\jdk8u151\9699\hots
Event: 25.537 Thread 0x000000001a1af800 Implicit null exception at 0x0000000002bdbed1 to 0x0000000002be4141
Event: 25.876 Thread 0x00000000196c8800 Exception <a 'java/lang/IncompatibleClassChangeError': Found class java.lang.Object, but interface was expected> (0x00000000d5f94948) thrown at [C:\re\workspace\8-2-build-windows-amd64-cygwin\jdk8u151\9699\hotspot\src\share\vm\interpreter\linkResolver.cpp
Event: 25.889 Thread 0x00000000196c8800 Implicit null exception at 0x00000000026f5fc0 to 0x00000000026f642d
Event: 35.275 Thread 0x00000000196c8800 Exception <a 'java/lang/NoSuchMethodError': java.lang.Object.lambda$andThen$1(Ljava/util/function/Function;Ljava/lang/Object;)Ljava/lang/Object;> (0x00000000d70ae7d0) thrown at [C:\re\workspace\8-2-build-windows-amd64-cygwin\jdk8u151\9699\hotspot\src\shar

Events (10 events):
Event: 35.403 loading class org/springframework/boot/autoconfigure/jackson/JacksonAutoConfiguration$Jackson2ObjectMapperBuilderCustomizerConfiguration
Event: 35.403 loading class org/springframework/boot/autoconfigure/jackson/JacksonAutoConfiguration$Jackson2ObjectMapperBuilderCustomizerConfiguration done
Event: 35.405 loading class org/springframework/boot/autoconfigure/jackson/JacksonAutoConfiguration$Jackson2ObjectMapperBuilderCustomizerConfiguration$StandardJackson2ObjectMapperBuilderCustomizer
Event: 35.405 loading class org/springframework/boot/autoconfigure/jackson/JacksonAutoConfiguration$Jackson2ObjectMapperBuilderCustomizerConfiguration$StandardJackson2ObjectMapperBuilderCustomizer done
Event: 35.406 loading class org/springframework/boot/autoconfigure/jackson/Jackson2ObjectMapperBuilderCustomizer
Event: 35.406 loading class org/springframework/boot/autoconfigure/jackson/Jackson2ObjectMapperBuilderCustomizer done
Event: 35.407 loading class org/springframework/boot/autoconfigure/jackson/JacksonAutoConfiguration$JacksonObjectMapperBuilderConfiguration
Event: 35.407 loading class org/springframework/boot/autoconfigure/jackson/JacksonAutoConfiguration$JacksonObjectMapperBuilderConfiguration done
Event: 35.410 loading class org/springframework/boot/autoconfigure/jackson/JacksonAutoConfiguration$ParameterNamesModuleConfiguration
Event: 35.410 loading class org/springframework/boot/autoconfigure/jackson/JacksonAutoConfiguration$ParameterNamesModuleConfiguration done


Dynamic libraries:
0x000000013ff20000 - 0x000000013ff57000 	H:\saheli\java\jdk1.8.0_151\bin\javaw.exe
0x0000000077820000 - 0x00000000779bf000 	C:\Windows\SYSTEM32\ntdll.dll
0x0000000077700000 - 0x000000007781f000 	C:\Windows\system32\kernel32.dll
0x000007fefd3a0000 - 0x000007fefd407000 	C:\Windows\system32\KERNELBASE.dll
0x000007fefd7b0000 - 0x000007fefd88b000 	C:\Windows\system32\ADVAPI32.dll
0x000007feff8f0000 - 0x000007feff98f000 	C:\Windows\system32\msvcrt.dll
0x000007fefe640000 - 0x000007fefe65f000 	C:\Windows\SYSTEM32\sechost.dll
0x000007fefe8d0000 - 0x000007fefe9fc000 	C:\Windows\system32\RPCRT4.dll
0x0000000077600000 - 0x00000000776fa000 	C:\Windows\system32\USER32.dll
0x000007feffa00000 - 0x000007feffa67000 	C:\Windows\system32\GDI32.dll
0x000007fefe660000 - 0x000007fefe66e000 	C:\Windows\system32\LPK.dll
0x000007fefecd0000 - 0x000007fefed9b000 	C:\Windows\system32\USP10.dll
0x000007fefb1c0000 - 0x000007fefb3b5000 	C:\Windows\WinSxS\amd64_microsoft.windows.common-controls_6595b64144ccf1df_6.0.7601.24483_none_e372d88f30fbb845\COMCTL32.dll
0x000007fefe780000 - 0x000007fefe7f1000 	C:\Windows\system32\SHLWAPI.dll
0x000007fefe800000 - 0x000007fefe82e000 	C:\Windows\system32\IMM32.DLL
0x000007fefe670000 - 0x000007fefe77b000 	C:\Windows\system32\MSCTF.dll
0x0000000000210000 - 0x0000000000221000 	C:\Windows\System32\umppc10102.dll
0x000007fefd220000 - 0x000007fefd27d000 	C:\Program Files\Citrix\System32\MfApHook64.dll
0x000007fefd140000 - 0x000007fefd172000 	C:\Program Files\Citrix\ICAService\picaFullScreenHookX64.dll
0x000007fefcca0000 - 0x000007fefccee000 	C:\Program Files\Citrix\ICAService\ShellHook64.dll
0x000007fefd890000 - 0x000007fefe61b000 	C:\Windows\system32\SHELL32.dll
0x000007fefcb20000 - 0x000007fefcc9e000 	C:\Program Files\Citrix\ICAService\SCardHook64.dll
0x000007fefca80000 - 0x000007fefcaaa000 	C:\Program Files\Citrix\ICAService\cxinjime64.dll
0x000007fefca30000 - 0x000007fefca79000 	C:\Program Files\Citrix\ICAService\PicaWtsHook64.dll
0x0000000079590000 - 0x0000000079662000 	H:\saheli\java\jdk1.8.0_151\jre\bin\msvcr100.dll
0x0000000070950000 - 0x00000000711ed000 	H:\saheli\java\jdk1.8.0_151\jre\bin\server\jvm.dll
0x000007fefbd40000 - 0x000007fefbd49000 	C:\Windows\system32\WSOCK32.dll
0x000007feff530000 - 0x000007feff57d000 	C:\Windows\system32\WS2_32.dll
0x000007feff990000 - 0x000007feff998000 	C:\Windows\system32\NSI.dll
0x000007fef2280000 - 0x000007fef22bb000 	C:\Windows\system32\WINMM.dll
0x000007fefd030000 - 0x000007fefd03c000 	C:\Windows\system32\VERSION.dll
0x00000000779c0000 - 0x00000000779c7000 	C:\Windows\system32\PSAPI.DLL
0x00000000737b0000 - 0x00000000737bf000 	H:\saheli\java\jdk1.8.0_151\jre\bin\verify.dll
0x0000000073700000 - 0x0000000073729000 	H:\saheli\java\jdk1.8.0_151\jre\bin\java.dll
0x00000000736e0000 - 0x00000000736f6000 	H:\saheli\java\jdk1.8.0_151\jre\bin\zip.dll
0x000007feff330000 - 0x000007feff52f000 	C:\Windows\system32\ole32.dll
0x000007fefd380000 - 0x000007fefd38f000 	C:\Windows\system32\profapi.dll
0x0000000073080000 - 0x000000007309a000 	H:\saheli\java\jdk1.8.0_151\jre\bin\net.dll
0x000007fefc300000 - 0x000007fefc355000 	C:\Windows\system32\mswsock.dll
0x000007fefc2f0000 - 0x000007fefc2f7000 	C:\Windows\System32\wship6.dll
0x000007fefbce0000 - 0x000007fefbd07000 	C:\Windows\system32\IPHLPAPI.DLL
0x000007fefbcd0000 - 0x000007fefbcdb000 	C:\Windows\system32\WINNSI.DLL
0x000007fefbbf0000 - 0x000007fefbc01000 	C:\Windows\system32\dhcpcsvc6.DLL
0x000007fefbbd0000 - 0x000007fefbbe8000 	C:\Windows\system32\dhcpcsvc.DLL
0x0000000073760000 - 0x000000007376d000 	H:\saheli\java\jdk1.8.0_151\jre\bin\management.dll
0x0000000073040000 - 0x0000000073051000 	H:\saheli\java\jdk1.8.0_151\jre\bin\nio.dll
0x000007fefc180000 - 0x000007fefc1db000 	C:\Windows\system32\DNSAPI.dll
0x000007fefbd10000 - 0x000007fefbd17000 	C:\Windows\System32\wshtcpip.dll
0x000007fefbbc0000 - 0x000007fefbbc8000 	C:\Windows\system32\rasadhlp.dll
0x000007fefbb60000 - 0x000007fefbbb3000 	C:\Windows\System32\fwpuclnt.dll
0x000007fefbb40000 - 0x000007fefbb55000 	C:\Windows\system32\NLAapi.dll
0x000007fefb980000 - 0x000007fefb995000 	C:\Windows\system32\napinsp.dll
0x000007fefb7d0000 - 0x000007fefb7e9000 	C:\Windows\system32\pnrpnsp.dll
0x000007fefb970000 - 0x000007fefb97b000 	C:\Windows\System32\winrnr.dll

VM Arguments:
jvm_args: -Dfile.encoding=UTF-8 
java_command: com.payroll.microservices.salesorderservice.SalesOrderServiceApplication
java_class_path (initial): C:\POC\week5\sales-order-service\target\classes;C:\Users\ssom\.m2\repository\org\springframework\boot\spring-boot-starter-actuator\2.1.8.RELEASE\spring-boot-starter-actuator-2.1.8.RELEASE.jar;C:\Users\ssom\.m2\repository\org\springframework\boot\spring-boot-starter\2.1.8.RELEASE\spring-boot-starter-2.1.8.RELEASE.jar;C:\Users\ssom\.m2\repository\org\springframework\boot\spring-boot-starter-logging\2.1.8.RELEASE\spring-boot-starter-logging-2.1.8.RELEASE.jar;C:\Users\ssom\.m2\repository\ch\qos\logback\logback-classic\1.2.3\logback-classic-1.2.3.jar;C:\Users\ssom\.m2\repository\ch\qos\logback\logback-core\1.2.3\logback-core-1.2.3.jar;C:\Users\ssom\.m2\repository\org\apache\logging\log4j\log4j-to-slf4j\2.11.2\log4j-to-slf4j-2.11.2.jar;C:\Users\ssom\.m2\repository\org\apache\logging\log4j\log4j-api\2.11.2\log4j-api-2.11.2.jar;C:\Users\ssom\.m2\repository\org\slf4j\jul-to-slf4j\1.7.28\jul-to-slf4j-1.7.28.jar;C:\Users\ssom\.m2\repository\javax\annotation\javax.annotation-api\1.3.2\javax.annotation-api-1.3.2.jar;C:\Users\ssom\.m2\repository\org\yaml\snakeyaml\1.23\snakeyaml-1.23.jar;C:\Users\ssom\.m2\repository\org\springframework\boot\spring-boot-actuator-autoconfigure\2.1.8.RELEASE\spring-boot-actuator-autoconfigure-2.1.8.RELEASE.jar;C:\Users\ssom\.m2\repository\org\springframework\boot\spring-boot-actuator\2.1.8.RELEASE\spring-boot-actuator-2.1.8.RELEASE.jar;C:\Users\ssom\.m2\repository\org\springframework\spring-context\5.1.9.RELEASE\spring-context-5.1.9.RELEASE.jar;C:\Users\ssom\.m2\repository\com\fasterxml\jackson\datatype\jackson-datatype-jsr310\2.9.9\jackson-datatype-jsr310-2.9.9.jar;C:\Users\ssom\.m2\repository\io\micrometer\micrometer-core\1.1.6\micrometer-core-1.1.6.jar;C:\Users\ssom\.m2\repository\org\hdrhistogram\HdrHistogram\2.1.9\HdrHistogram-2.1.9.jar;C:\Users\ssom\.m2\repository\org\latencyutils\LatencyUtils\2.0.3\LatencyUtils-2.0.3.jar;C:\Users\ssom\.m2\repository\org\springframework\boot\spring-boot-starter-amqp\2.1.8.RELEASE\s
Launcher Type: SUN_STANDARD

Environment Variables:
JAVA_HOME=H:\saheli\java\jdk1.8.0_151
CLASSPATH=C:\tibco\tibrv\8.4\lib\tibrvnative.jar;
PATH=H:/saheli/java/jdk1.8.0_151/jre/bin/server;H:/saheli/java/jdk1.8.0_151/jre/bin;H:/saheli/java/jdk1.8.0_151/jre/lib/amd64;C:\Program Files (x86)\Common Files\Oracle\Java\javapath;C:\ProgramData\Oracle\Java\javapath;C:\tibco\tibrv\8.4\bin;C:\Informatica\9.0.1\clients\tools\datadirect\;C:\Informatica\9.0.1\clients\DeveloperClient\bin;C:\Windows\system32;C:\Windows;C:\Windows\System32\Wbem;C:\Windows\System32\WindowsPowerShell\v1.0\;C:\Program Files\Citrix\Virtual Desktop Agent\;c:\Program Files (x86)\Microsoft SQL Server\90\Tools\binn\;c:\Program Files (x86)\Microsoft SQL Server\100\Tools\Binn\;c:\Program Files\Microsoft SQL Server\100\Tools\Binn\;c:\Program Files\Microsoft SQL Server\100\DTS\Binn\;C:\Program Files\Microsoft SQL Server\110\DTS\Binn\;C:\Program Files (x86)\Microsoft SQL Server\110\Tools\Binn\;C:\Program Files\Microsoft SQL Server\110\Tools\Binn\;C:\Program Files (x86)\Microsoft SQL Server\110\Tools\Binn\ManagementStudio\;C:\Program Files (x86)\Microsoft Visual Studio 10.0\Common7\IDE\PrivateAssemblies\;C:\Program Files (x86)\Microsoft SQL Server\110\DTS\Binn\;C:\Program Files (x86)\Microsoft SQL Server\100\Tools\Binn\VSShell\Common7\IDE\;C:\Program Files (x86)\Microsoft Visual Studio 9.0\Common7\IDE\PrivateAssemblies\;C:\Program Files (x86)\Microsoft SQL Server\100\DTS\Binn\;C:\Program Files (x86)\Liquid Technologies\Liquid XML 2014\XmlDataBinder12\Redist12\cpp\win32\bin;C:\Program Files\McAfee\Solidcore\Tools\GatherInfo;C:\Program Files\McAfee\Solidcore\Tools\Scanalyzer;C:\Program Files\McAfee\Solidcore\;C:\Program Files\McAfee\Solidcore\Tools\ScGetCerts;H:\saheli\java\jdk1.8.0_151\bin;C:\Program Files (x86)\software\apache-maven-3.3.9\bin;C:\Program Files\Git\cmd;C:\Program Files\Git\mingw64\bin;C:\Program Files\Citrix\System32\;C:\Program Files\Citrix\ICAService\;C:\Program Files\Cloud Foundry;C:\POC\eclipse;
USERNAME=ssom
OS=Windows_NT
PROCESSOR_IDENTIFIER=Intel64 Family 6 Model 26 Stepping 4, GenuineIntel



---------------  S Y S T E M  ---------------

OS: Windows 7 , 64 bit Build 7601 (6.1.7601.24520)

CPU:total 2 (initial active 2) (1 cores per cpu, 1 threads per core) family 6 model 26 stepping 4, cmov, cx8, fxsr, mmx, sse, sse2, sse3, ssse3, sse4.1, sse4.2, popcnt, tsc, tscinvbit, tscinv

Memory: 4k page, physical 8388152k(657500k free), swap 16773836k(4960k free)

vm_info: Java HotSpot(TM) 64-Bit Server VM (25.151-b12) for windows-amd64 JRE (1.8.0_151-b12), built on Sep  5 2017 19:33:46 by "java_re" with MS VC++ 10.0 (VS2010)

time: Tue Dec 03 14:55:17 2019
elapsed time: 35 seconds (0d 0h 0m 35s)

